<?xml version="1.0" encoding="UTF-8"?>
<!-- Generated by org.testng.reporters.JUnitXMLReporter -->
<testsuite hostname="DESKTOP-UVLJTC5" ignored="0" name="Surefire test" tests="6" failures="0" timestamp="2021-01-23T00:38:58 EST" time="0.033" errors="0">
  <testcase name="NativeAppAndroid" time="0.003" classname="qaacademy.Mavenjava.AppiumTest"/>
  <testcase name="iOSApps" time="0.0" classname="qaacademy.Mavenjava.AppiumTest"/>
  <testcase name="deleteTwitter" time="0.0" classname="qaacademy.Mavenjava.RestAPITest"/>
  <testcase name="postJira" time="0.0" classname="qaacademy.Mavenjava.RestAPITest"/>
  <testcase name="BrowserAutomation" time="0.0" classname="qaacademy.Mavenjava.SeleniumTest"/>
  <testcase name="elementsUi" time="0.0" classname="qaacademy.Mavenjava.SeleniumTest"/>
</testsuite> <!-- Surefire test -->
