<?xml version="1.0" encoding="UTF-8"?>
<!-- Generated by org.testng.reporters.JUnitXMLReporter -->
<testsuite hostname="DESKTOP-UVLJTC5" ignored="0" name="Test" tests="6" failures="0" timestamp="2021-01-24T22:27:37 EST" time="0.036" errors="0">
  <testcase name="BrowserAutomation" time="0.003" classname="qaacademy.Mavenjava.SeleniumTest"/>
  <testcase name="elementsUi" time="0.001" classname="qaacademy.Mavenjava.SeleniumTest"/>
  <testcase name="NativeAppAndroid" time="0.0" classname="qaacademy.Mavenjava.AppiumTest"/>
  <testcase name="iOSApps" time="0.0" classname="qaacademy.Mavenjava.AppiumTest"/>
  <testcase name="deleteTwitter" time="0.0" classname="qaacademy.Mavenjava.RestAPITest"/>
  <testcase name="postJira" time="0.0" classname="qaacademy.Mavenjava.RestAPITest"/>
</testsuite> <!-- Test -->
