<?xml version="1.0" encoding="UTF-8"?>
<testng-results skipped="0" failed="0" ignored="0" total="6" passed="6">
  <reporter-output>
  </reporter-output>
  <suite name="Suite" duration-ms="36" started-at="2021-01-24T22:27:37 EST" finished-at="2021-01-24T22:27:37 EST">
    <groups>
    </groups>
    <test name="Test" duration-ms="36" started-at="2021-01-24T22:27:37 EST" finished-at="2021-01-24T22:27:37 EST">
      <class name="qaacademy.Mavenjava.SeleniumTest">
        <test-method status="PASS" signature="BrowserAutomation()[pri:0, instance:qaacademy.Mavenjava.SeleniumTest@31dc339b]" name="BrowserAutomation" duration-ms="3" started-at="2021-01-24T22:27:37 EST" finished-at="2021-01-24T22:27:37 EST">
          <reporter-output>
          </reporter-output>
        </test-method> <!-- BrowserAutomation -->
        <test-method status="PASS" signature="elementsUi()[pri:0, instance:qaacademy.Mavenjava.SeleniumTest@31dc339b]" name="elementsUi" duration-ms="1" started-at="2021-01-24T22:27:37 EST" finished-at="2021-01-24T22:27:37 EST">
          <reporter-output>
          </reporter-output>
        </test-method> <!-- elementsUi -->
      </class> <!-- qaacademy.Mavenjava.SeleniumTest -->
      <class name="qaacademy.Mavenjava.AppiumTest">
        <test-method status="PASS" signature="NativeAppAndroid()[pri:0, instance:qaacademy.Mavenjava.AppiumTest@544fe44c]" name="NativeAppAndroid" duration-ms="0" started-at="2021-01-24T22:27:37 EST" finished-at="2021-01-24T22:27:37 EST">
          <reporter-output>
          </reporter-output>
        </test-method> <!-- NativeAppAndroid -->
        <test-method status="PASS" signature="iOSApps()[pri:0, instance:qaacademy.Mavenjava.AppiumTest@544fe44c]" name="iOSApps" duration-ms="0" started-at="2021-01-24T22:27:37 EST" finished-at="2021-01-24T22:27:37 EST">
          <reporter-output>
          </reporter-output>
        </test-method> <!-- iOSApps -->
      </class> <!-- qaacademy.Mavenjava.AppiumTest -->
      <class name="qaacademy.Mavenjava.RestAPITest">
        <test-method status="PASS" signature="postJira()[pri:0, instance:qaacademy.Mavenjava.RestAPITest@31610302]" name="postJira" duration-ms="0" started-at="2021-01-24T22:27:37 EST" finished-at="2021-01-24T22:27:37 EST">
          <reporter-output>
          </reporter-output>
        </test-method> <!-- postJira -->
        <test-method status="PASS" signature="deleteTwitter()[pri:0, instance:qaacademy.Mavenjava.RestAPITest@31610302]" name="deleteTwitter" duration-ms="0" started-at="2021-01-24T22:27:37 EST" finished-at="2021-01-24T22:27:37 EST">
          <reporter-output>
          </reporter-output>
        </test-method> <!-- deleteTwitter -->
      </class> <!-- qaacademy.Mavenjava.RestAPITest -->
    </test> <!-- Test -->
  </suite> <!-- Suite -->
</testng-results>
